<?xml version="1.0" encoding="UTF-8"?>
<testng-results ignored="0" total="1" passed="1" failed="0" skipped="0">
  <reporter-output>
  </reporter-output>
  <suite started-at="2020-09-05T23:08:33 IST" name="Default suite" finished-at="2020-09-05T23:08:34 IST" duration-ms="785">
    <groups>
    </groups>
    <test started-at="2020-09-05T23:08:33 IST" name="Default test" finished-at="2020-09-05T23:08:34 IST" duration-ms="785">
      <class name="automation.com.selenium.SQLDemo">
        <test-method signature="sqlDemoTest()[pri:0, instance:automation.com.selenium.SQLDemo@202b0582]" started-at="2020-09-05T23:08:33 IST" name="sqlDemoTest" finished-at="2020-09-05T23:08:34 IST" duration-ms="692" status="PASS">
          <reporter-output>
          </reporter-output>
        </test-method> <!-- sqlDemoTest -->
      </class> <!-- automation.com.selenium.SQLDemo -->
    </test> <!-- Default test -->
  </suite> <!-- Default suite -->
</testng-results>
