<?xml version="1.0" encoding="UTF-8"?>
<!-- Generated by org.testng.reporters.JUnitXMLReporter -->
<testsuite hostname="LAPTOP-CM2AC29A" name="Test" tests="1" failures="0" timestamp="31 Aug 2020 16:10:30 GMT" time="0.052" errors="0">
  <testcase name="@BeforeMethod Reporter" time="0.0" classname="automation.com.selenium.LoginSample">
    <failure type="java.lang.NoClassDefFoundError" message="com/aventstack/extentreports/reporter/ExtentHtmlReporter">
      <![CDATA[java.lang.NoClassDefFoundError: com/aventstack/extentreports/reporter/ExtentHtmlReporter
	at automation.com.selenium.LoginSample.Reporter(LoginSample.java:48)
Caused by: java.lang.ClassNotFoundException: com.aventstack.extentreports.reporter.ExtentHtmlReporter
	at java.net.URLClassLoader.findClass(Unknown Source)
	at java.lang.ClassLoader.loadClass(Unknown Source)
	at sun.misc.Launcher$AppClassLoader.loadClass(Unknown Source)
	at java.lang.ClassLoader.loadClass(Unknown Source)
	... 26 more
... Removed 25 stack frames]]>
    </failure>
  </testcase> <!-- @BeforeMethod Reporter -->
  <testcase name="@AfterMethod tearDown" time="0.0" classname="automation.com.selenium.LoginSample">
    <skipped/>
  </testcase> <!-- @AfterMethod tearDown -->
  <testcase name="orangeDemoLogin" time="0.0" classname="automation.com.selenium.LoginSample">
    <skipped/>
  </testcase> <!-- orangeDemoLogin -->
</testsuite> <!-- Test -->
